[debug] [2023-06-27T10:12:37.086Z] ----------------------------------------------------------------------
[debug] [2023-06-27T10:12:37.087Z] Command:       C:\Program Files\nodejs\node.exe C:\Users\HP\AppData\Roaming\npm\node_modules\firebase-tools\lib\bin\firebase.js init
[debug] [2023-06-27T10:12:37.088Z] CLI Version:   12.4.0
[debug] [2023-06-27T10:12:37.088Z] Platform:      win32
[debug] [2023-06-27T10:12:37.088Z] Node Version:  v18.16.0
[debug] [2023-06-27T10:12:37.089Z] Time:          Tue Jun 27 2023 15:42:37 GMT+0530 (India Standard Time)
[debug] [2023-06-27T10:12:37.089Z] ----------------------------------------------------------------------
[debug] 
[debug] [2023-06-27T10:12:37.093Z] >>> [apiv2][query] GET https://firebase-public.firebaseio.com/cli.json [none]
[debug] [2023-06-27T10:12:37.154Z] > command requires scopes: ["email","openid","https://www.googleapis.com/auth/cloudplatformprojects.readonly","https://www.googleapis.com/auth/firebase","https://www.googleapis.com/auth/cloud-platform"]
[debug] [2023-06-27T10:12:37.154Z] > authorizing via signed-in user (sakshamraghuvanshi8@gmail.com)
[info] 
     ######## #### ########  ######## ########     ###     ######  ########
     ##        ##  ##     ## ##       ##     ##  ##   ##  ##       ##
     ######    ##  ########  ######   ########  #########  ######  ######
     ##        ##  ##    ##  ##       ##     ## ##     ##       ## ##
     ##       #### ##     ## ######## ########  ##     ##  ######  ########

You're about to initialize a Firebase project in this directory:

  C:\Users\HP\OneDrive\Desktop\React-Project\react-firebase-auth

[debug] [2023-06-27T10:12:37.906Z] <<< [apiv2][status] GET https://firebase-public.firebaseio.com/cli.json 200
[debug] [2023-06-27T10:12:37.906Z] <<< [apiv2][body] GET https://firebase-public.firebaseio.com/cli.json {"cloudBuildErrorAfter":1594252800000,"cloudBuildWarnAfter":1590019200000,"defaultNode10After":1594252800000,"minVersion":"3.0.5","node8DeploysDisabledAfter":1613390400000,"node8RuntimeDisabledAfter":1615809600000,"node8WarnAfter":1600128000000}
